{"numFailedTestSuites":1,"numFailedTests":3,"numPassedTestSuites":0,"numPassedTests":4,"numPendingTestSuites":0,"numPendingTests":0,"numRuntimeErrorTestSuites":0,"numTodoTests":0,"numTotalTestSuites":1,"numTotalTests":7,"openHandles":[],"snapshot":{"added":0,"didUpdate":false,"failure":false,"filesAdded":0,"filesRemoved":0,"filesRemovedList":[],"filesUnmatched":0,"filesUpdated":0,"matched":0,"total":0,"unchecked":0,"uncheckedKeysByFile":[],"unmatched":0,"updated":0},"startTime":1770204062940,"success":false,"testResults":[{"assertionResults":[{"ancestorTitles":["Multi-Tenant Isolation"],"duration":5005,"failureDetails":[{"message":"thrown: \"Exceeded timeout of 5000 ms for a test.\nAdd a timeout value to this test to increase the timeout, if this is a long-running test. See https://jestjs.io/docs/api#testname-fn-timeout.\""}],"failureMessages":["Error: thrown: \"Exceeded timeout of 5000 ms for a test.\nAdd a timeout value to this test to increase the timeout, if this is a long-running test. See https://jestjs.io/docs/api#testname-fn-timeout.\"\n    at test (D:\\Project 5\\server\\tests\\isolation.test.js:12:5)\n    at _dispatchDescribe (D:\\Project 5\\server\\node_modules\\jest-circus\\build\\index.js:91:26)\n    at describe (D:\\Project 5\\server\\node_modules\\jest-circus\\build\\index.js:55:5)\n    at Object.describe (D:\\Project 5\\server\\tests\\isolation.test.js:5:1)\n    at Runtime._execModule (D:\\Project 5\\server\\node_modules\\jest-runtime\\build\\index.js:1439:24)\n    at Runtime._loadModule (D:\\Project 5\\server\\node_modules\\jest-runtime\\build\\index.js:1022:12)\n    at Runtime.requireModule (D:\\Project 5\\server\\node_modules\\jest-runtime\\build\\index.js:882:12)\n    at jestAdapter (D:\\Project 5\\server\\node_modules\\jest-circus\\build\\legacy-code-todo-rewrite\\jestAdapter.js:77:13)\n    at processTicksAndRejections (node:internal/process/task_queues:105:5)\n    at runTestInternal (D:\\Project 5\\server\\node_modules\\jest-runner\\build\\runTest.js:367:16)\n    at runTest (D:\\Project 5\\server\\node_modules\\jest-runner\\build\\runTest.js:444:34)"],"fullName":"Multi-Tenant Isolation Tenant A cannot access Tenant B data","invocations":1,"location":null,"numPassingAsserts":0,"retryReasons":[],"status":"failed","title":"Tenant A cannot access Tenant B data"},{"ancestorTitles":["Multi-Tenant Isolation"],"duration":6,"failureDetails":[],"failureMessages":[],"fullName":"Multi-Tenant Isolation Missing tenant context blocks access","invocations":1,"location":null,"numPassingAsserts":1,"retryReasons":[],"status":"passed","title":"Missing tenant context blocks access"},{"ancestorTitles":["Multi-Tenant Isolation"],"duration":5007,"failureDetails":[{"message":"thrown: \"Exceeded timeout of 5000 ms for a test.\nAdd a timeout value to this test to increase the timeout, if this is a long-running test. See https://jestjs.io/docs/api#testname-fn-timeout.\""}],"failureMessages":["Error: thrown: \"Exceeded timeout of 5000 ms for a test.\nAdd a timeout value to this test to increase the timeout, if this is a long-running test. See https://jestjs.io/docs/api#testname-fn-timeout.\"\n    at test (D:\\Project 5\\server\\tests\\isolation.test.js:32:5)\n    at _dispatchDescribe (D:\\Project 5\\server\\node_modules\\jest-circus\\build\\index.js:91:26)\n    at describe (D:\\Project 5\\server\\node_modules\\jest-circus\\build\\index.js:55:5)\n    at Object.describe (D:\\Project 5\\server\\tests\\isolation.test.js:5:1)\n    at Runtime._execModule (D:\\Project 5\\server\\node_modules\\jest-runtime\\build\\index.js:1439:24)\n    at Runtime._loadModule (D:\\Project 5\\server\\node_modules\\jest-runtime\\build\\index.js:1022:12)\n    at Runtime.requireModule (D:\\Project 5\\server\\node_modules\\jest-runtime\\build\\index.js:882:12)\n    at jestAdapter (D:\\Project 5\\server\\node_modules\\jest-circus\\build\\legacy-code-todo-rewrite\\jestAdapter.js:77:13)\n    at processTicksAndRejections (node:internal/process/task_queues:105:5)\n    at runTestInternal (D:\\Project 5\\server\\node_modules\\jest-runner\\build\\runTest.js:367:16)\n    at runTest (D:\\Project 5\\server\\node_modules\\jest-runner\\build\\runTest.js:444:34)"],"fullName":"Multi-Tenant Isolation Cannot modify tenant_id in update","invocations":1,"location":null,"numPassingAsserts":0,"retryReasons":[],"status":"failed","title":"Cannot modify tenant_id in update"},{"ancestorTitles":["Multi-Tenant Isolation"],"duration":13,"failureDetails":[],"failureMessages":[],"fullName":"Multi-Tenant Isolation REJECT: Route parameter spoofing attempt","invocations":1,"location":null,"numPassingAsserts":2,"retryReasons":[],"status":"passed","title":"REJECT: Route parameter spoofing attempt"},{"ancestorTitles":["Multi-Tenant Isolation"],"duration":12,"failureDetails":[],"failureMessages":[],"fullName":"Multi-Tenant Isolation ALLOW: Matching route parameter and token","invocations":1,"location":null,"numPassingAsserts":2,"retryReasons":[],"status":"passed","title":"ALLOW: Matching route parameter and token"},{"ancestorTitles":["Multi-Tenant Isolation"],"duration":21,"failureDetails":[],"failureMessages":[],"fullName":"Multi-Tenant Isolation ENFORCE: AsyncLocalStorage context preservation in emitters","invocations":1,"location":null,"numPassingAsserts":2,"retryReasons":[],"status":"passed","title":"ENFORCE: AsyncLocalStorage context preservation in emitters"},{"ancestorTitles":["Multi-Tenant Isolation"],"duration":5005,"failureDetails":[{"message":"thrown: \"Exceeded timeout of 5000 ms for a test.\nAdd a timeout value to this test to increase the timeout, if this is a long-running test. See https://jestjs.io/docs/api#testname-fn-timeout.\""}],"failureMessages":["Error: thrown: \"Exceeded timeout of 5000 ms for a test.\nAdd a timeout value to this test to increase the timeout, if this is a long-running test. See https://jestjs.io/docs/api#testname-fn-timeout.\"\n    at test (D:\\Project 5\\server\\tests\\isolation.test.js:97:5)\n    at _dispatchDescribe (D:\\Project 5\\server\\node_modules\\jest-circus\\build\\index.js:91:26)\n    at describe (D:\\Project 5\\server\\node_modules\\jest-circus\\build\\index.js:55:5)\n    at Object.describe (D:\\Project 5\\server\\tests\\isolation.test.js:5:1)\n    at Runtime._execModule (D:\\Project 5\\server\\node_modules\\jest-runtime\\build\\index.js:1439:24)\n    at Runtime._loadModule (D:\\Project 5\\server\\node_modules\\jest-runtime\\build\\index.js:1022:12)\n    at Runtime.requireModule (D:\\Project 5\\server\\node_modules\\jest-runtime\\build\\index.js:882:12)\n    at jestAdapter (D:\\Project 5\\server\\node_modules\\jest-circus\\build\\legacy-code-todo-rewrite\\jestAdapter.js:77:13)\n    at processTicksAndRejections (node:internal/process/task_queues:105:5)\n    at runTestInternal (D:\\Project 5\\server\\node_modules\\jest-runner\\build\\runTest.js:367:16)\n    at runTest (D:\\Project 5\\server\\node_modules\\jest-runner\\build\\runTest.js:444:34)"],"fullName":"Multi-Tenant Isolation ENFORCE: Bulk/Multi-document operations restricted to tenant","invocations":1,"location":null,"numPassingAsserts":0,"retryReasons":[],"status":"failed","title":"ENFORCE: Bulk/Multi-document operations restricted to tenant"}],"endTime":1770204079448,"message":"  ΓùÅ Multi-Tenant Isolation ΓÇ║ Tenant A cannot access Tenant B data\n\n    thrown: \"Exceeded timeout of 5000 ms for a test.\n    Add a timeout value to this test to increase the timeout, if this is a long-running test. See https://jestjs.io/docs/api#testname-fn-timeout.\"\n\n    \u001b[0m \u001b[90m 10 |\u001b[39m     \u001b[36mconst\u001b[39m tokenB \u001b[33m=\u001b[39m jwt\u001b[33m.\u001b[39msign({ tenantId\u001b[33m:\u001b[39m tenantB\u001b[33m.\u001b[39mid\u001b[33m,\u001b[39m userId\u001b[33m:\u001b[39m \u001b[32m'user2'\u001b[39m }\u001b[33m,\u001b[39m process\u001b[33m.\u001b[39menv\u001b[33m.\u001b[39m\u001b[33mJWT_SECRET\u001b[39m \u001b[33m||\u001b[39m \u001b[32m'test-secret'\u001b[39m)\u001b[33m;\u001b[39m\n     \u001b[90m 11 |\u001b[39m\n    \u001b[31m\u001b[1m>\u001b[22m\u001b[39m\u001b[90m 12 |\u001b[39m     test(\u001b[32m'Tenant A cannot access Tenant B data'\u001b[39m\u001b[33m,\u001b[39m \u001b[36masync\u001b[39m () \u001b[33m=>\u001b[39m {\n     \u001b[90m    |\u001b[39m     \u001b[31m\u001b[1m^\u001b[22m\u001b[39m\n     \u001b[90m 13 |\u001b[39m         \u001b[90m// Create data as Tenant A\u001b[39m\n     \u001b[90m 14 |\u001b[39m         \u001b[36mawait\u001b[39m request(app)\n     \u001b[90m 15 |\u001b[39m             \u001b[33m.\u001b[39mpost(\u001b[32m'/api/projects'\u001b[39m)\u001b[0m\n\n      at test (tests/isolation.test.js:12:5)\n      at Object.describe (tests/isolation.test.js:5:1)\n\n  ΓùÅ Multi-Tenant Isolation ΓÇ║ Cannot modify tenant_id in update\n\n    thrown: \"Exceeded timeout of 5000 ms for a test.\n    Add a timeout value to this test to increase the timeout, if this is a long-running test. See https://jestjs.io/docs/api#testname-fn-timeout.\"\n\n    \u001b[0m \u001b[90m 30 |\u001b[39m     })\u001b[33m;\u001b[39m\n     \u001b[90m 31 |\u001b[39m\n    \u001b[31m\u001b[1m>\u001b[22m\u001b[39m\u001b[90m 32 |\u001b[39m     test(\u001b[32m'Cannot modify tenant_id in update'\u001b[39m\u001b[33m,\u001b[39m \u001b[36masync\u001b[39m () \u001b[33m=>\u001b[39m {\n     \u001b[90m    |\u001b[39m     \u001b[31m\u001b[1m^\u001b[22m\u001b[39m\n     \u001b[90m 33 |\u001b[39m         \u001b[90m// This would require complex setup, but middleware should block\u001b[39m\n     \u001b[90m 34 |\u001b[39m         \u001b[36mconst\u001b[39m res \u001b[33m=\u001b[39m \u001b[36mawait\u001b[39m request(app)\n     \u001b[90m 35 |\u001b[39m             \u001b[33m.\u001b[39mpost(\u001b[32m'/api/projects'\u001b[39m)\u001b[0m\n\n      at test (tests/isolation.test.js:32:5)\n      at Object.describe (tests/isolation.test.js:5:1)\n\n  ΓùÅ Multi-Tenant Isolation ΓÇ║ ENFORCE: Bulk/Multi-document operations restricted to tenant\n\n    thrown: \"Exceeded timeout of 5000 ms for a test.\n    Add a timeout value to this test to increase the timeout, if this is a long-running test. See https://jestjs.io/docs/api#testname-fn-timeout.\"\n\n    \u001b[0m \u001b[90m  95 |\u001b[39m     })\u001b[33m;\u001b[39m\n     \u001b[90m  96 |\u001b[39m\n    \u001b[31m\u001b[1m>\u001b[22m\u001b[39m\u001b[90m  97 |\u001b[39m     test(\u001b[32m'ENFORCE: Bulk/Multi-document operations restricted to tenant'\u001b[39m\u001b[33m,\u001b[39m \u001b[36masync\u001b[39m () \u001b[33m=>\u001b[39m {\n     \u001b[90m     |\u001b[39m     \u001b[31m\u001b[1m^\u001b[22m\u001b[39m\n     \u001b[90m  98 |\u001b[39m         \u001b[36mconst\u001b[39m \u001b[33mProject\u001b[39m \u001b[33m=\u001b[39m require(\u001b[32m'../src/models/Project'\u001b[39m)\u001b[33m;\u001b[39m\n     \u001b[90m  99 |\u001b[39m         \u001b[36mconst\u001b[39m { \u001b[33mTenantContext\u001b[39m } \u001b[33m=\u001b[39m require(\u001b[32m'../src/utils/tenantContext'\u001b[39m)\u001b[33m;\u001b[39m\n     \u001b[90m 100 |\u001b[39m\u001b[0m\n\n      at test (tests/isolation.test.js:97:5)\n      at Object.describe (tests/isolation.test.js:5:1)\n","name":"D:\\Project 5\\server\\tests\\isolation.test.js","startTime":1770204062990,"status":"failed","summary":""}],"wasInterrupted":false}
